<?xml version="1.0" encoding="UTF-8"?>
<!-- Generated by org.testng.reporters.JUnitReportReporter -->
<testsuite hostname="Hemaraj" failures="0" tests="2" name="hemaraj.testcases.ErrorValidationTest" time="15.152" errors="0" timestamp="2025-06-14T12:16:11 IST" skipped="0">
  <testcase classname="hemaraj.testcases.ErrorValidationTest" name="loginPageErrorValidation" time="3.705"/>
  <testcase classname="hemaraj.testcases.ErrorValidationTest" name="productErrorValidation" time="11.447"/>
</testsuite> <!-- hemaraj.testcases.ErrorValidationTest -->
