<?xml version="1.0" encoding="UTF-8"?>
<!-- Generated by org.testng.reporters.JUnitReportReporter -->
<testsuite hostname="Hemaraj" failures="0" tests="2" name="hemaraj.testcases.ErrorValidation" time="13.901" errors="0" timestamp="2025-06-09T14:56:12 IST" skipped="0">
  <testcase classname="hemaraj.testcases.ErrorValidation" name="loginPageErrorValidation" time="2.107"/>
  <testcase classname="hemaraj.testcases.ErrorValidation" name="productErrorValidation" time="11.794"/>
</testsuite> <!-- hemaraj.testcases.ErrorValidation -->
