<?xml version="1.0" encoding="UTF-8"?>
<!-- Generated by org.testng.reporters.JUnitReportReporter -->
<testsuite hostname="Hemaraj" failures="0" tests="1" name="Cucumber.TestNgTestRunner" time="5.712" errors="0" timestamp="2025-06-15T16:27:37 IST" skipped="0">
  <testcase classname="Cucumber.TestNgTestRunner" name="runScenario" time="5.712"/>
</testsuite> <!-- Cucumber.TestNgTestRunner -->
