<?xml version="1.0" encoding="UTF-8"?>
<!-- Generated by org.testng.reporters.JUnitReportReporter -->
<testsuite hostname="Hemaraj" failures="0" tests="2" name="hemaraj.testcases.SubmitOrderTest" time="26.112" errors="0" timestamp="2025-06-15T15:58:13 IST" skipped="0">
  <testcase classname="hemaraj.testcases.SubmitOrderTest" name="sumbitOrder" time="12.916"/>
  <testcase classname="hemaraj.testcases.SubmitOrderTest" name="sumbitOrder" time="13.196"/>
</testsuite> <!-- hemaraj.testcases.SubmitOrderTest -->
