<?xml version="1.0" encoding="UTF-8"?>
<!-- Generated by org.testng.reporters.JUnitReportReporter -->
<testsuite hostname="Hemaraj" failures="0" tests="2" name="hemaraj.testcases.ErrorValidationTest" time="10.338" errors="0" timestamp="2025-06-14T12:25:16 IST" skipped="0">
  <testcase classname="hemaraj.testcases.ErrorValidationTest" name="productErrorValidation" time="6.280"/>
  <testcase classname="hemaraj.testcases.ErrorValidationTest" name="loginPageErrorValidation" time="4.058"/>
</testsuite> <!-- hemaraj.testcases.ErrorValidationTest -->
