<?xml version="1.0" encoding="UTF-8"?>
<!-- Generated by org.testng.reporters.JUnitReportReporter -->
<testsuite hostname="Hemaraj" failures="0" tests="2" name="hemaraj.testcases.SubmitOrderTest" time="26.242" errors="0" timestamp="2025-06-14T12:25:16 IST" skipped="0">
  <testcase classname="hemaraj.testcases.SubmitOrderTest" name="sumbitOrder" time="13.164"/>
  <testcase classname="hemaraj.testcases.SubmitOrderTest" name="sumbitOrder" time="13.078"/>
</testsuite> <!-- hemaraj.testcases.SubmitOrderTest -->
